# JRE version: Java(TM) SE Runtime Environment (17.0.12+8) (build 17.0.12+8-LTS-286)
# Java VM: Java HotSpot(TM) 64-Bit Server VM (17.0.12+8-LTS-286, mixed mode, sharing, tiered, compressed oops, compressed class ptrs, g1 gc, windows-amd64)
GC Precious Log:
 CPUs: 8 total, 8 available
 Memory: 14157M
 Large Page Support: Disabled
 NUMA Support: Disabled
 Compressed Oops: Enabled (Zero based)
 Heap Region Size: 2M
 Heap Min Capacity: 8M
 Heap Initial Capacity: 222M
 Heap Max Capacity: 4G
 Pre-touch: Disabled
 Parallel Workers: 8
 Concurrent Workers: 2
 Concurrent Refinement Workers: 8
 Periodic GC: Disabled
Heap:
 garbage-first heap   total 1021952K, used 438272K [0x0000000700000000, 0x0000000800000000)
  region size 2048K, 19 young (38912K), 19 survivors (38912K)
 Metaspace       used 385528K, committed 387328K, reserved 1441792K
  class space    used 46860K, committed 47744K, reserved 1048576K
GC Heap History (20 events):
Event: 16298.414 GC heap after
{Heap after GC invocations=198 (full 0):
 garbage-first heap   total 1021952K, used 262144K [0x0000000700000000, 0x0000000800000000)
  region size 2048K, 3 young (6144K), 3 survivors (6144K)
 Metaspace       used 288765K, committed 290752K, reserved 1376256K
  class space    used 36031K, committed 37120K, reserved 1048576K
}
Event: 16298.461 GC heap before
{Heap before GC invocations=198 (full 0):
 garbage-first heap   total 1021952K, used 264192K [0x0000000700000000, 0x0000000800000000)
  region size 2048K, 5 young (10240K), 3 survivors (6144K)
 Metaspace       used 288771K, committed 290752K, reserved 1376256K
  class space    used 36031K, committed 37120K, reserved 1048576K
}
Event: 16298.468 GC heap after
{Heap after GC invocations=199 (full 0):
 garbage-first heap   total 1021952K, used 262381K [0x0000000700000000, 0x0000000800000000)
  region size 2048K, 4 young (8192K), 4 survivors (8192K)
 Metaspace       used 288771K, committed 290752K, reserved 1376256K
  class space    used 36031K, committed 37120K, reserved 1048576K
}
Event: 16313.972 GC heap before
{Heap before GC invocations=200 (full 0):
 garbage-first heap   total 901120K, used 594157K [0x0000000700000000, 0x0000000800000000)
  region size 2048K, 164 young (335872K), 4 survivors (8192K)
 Metaspace       used 306135K, committed 307840K, reserved 1376256K
  class space    used 37746K, committed 38592K, reserved 1048576K
}
Event: 16314.033 GC heap after
{Heap after GC invocations=201 (full 0):
 garbage-first heap   total 901120K, used 323048K [0x0000000700000000, 0x0000000800000000)
  region size 2048K, 21 young (43008K), 21 survivors (43008K)
 Metaspace       used 306135K, committed 307840K, reserved 1376256K
  class space    used 37746K, committed 38592K, reserved 1048576K
}
Event: 16314.076 GC heap before
{Heap before GC invocations=201 (full 0):
 garbage-first heap   total 901120K, used 323048K [0x0000000700000000, 0x0000000800000000)
  region size 2048K, 22 young (45056K), 21 survivors (43008K)
 Metaspace       used 306450K, committed 308096K, reserved 1376256K
  class space    used 37783K, committed 38592K, reserved 1048576K
}
Event: 16314.192 GC heap after
{Heap after GC invocations=202 (full 0):
 garbage-first heap   total 901120K, used 304905K [0x0000000700000000, 0x0000000800000000)
  region size 2048K, 1 young (2048K), 1 survivors (2048K)
 Metaspace       used 306450K, committed 308096K, reserved 1376256K
  class space    used 37783K, committed 38592K, reserved 1048576K
}
Event: 16326.640 GC heap before
{Heap before GC invocations=202 (full 0):
 garbage-first heap   total 901120K, used 657161K [0x0000000700000000, 0x0000000800000000)
  region size 2048K, 173 young (354304K), 1 survivors (2048K)
 Metaspace       used 340329K, committed 342016K, reserved 1376256K
  class space    used 41917K, committed 42752K, reserved 1048576K
}
Event: 16326.684 GC heap after
{Heap after GC invocations=203 (full 0):
 garbage-first heap   total 901120K, used 367616K [0x0000000700000000, 0x0000000800000000)
  region size 2048K, 22 young (45056K), 22 survivors (45056K)
 Metaspace       used 340329K, committed 342016K, reserved 1376256K
  class space    used 41917K, committed 42752K, reserved 1048576K
}
Event: 16340.277 GC heap before
{Heap before GC invocations=204 (full 0):
 garbage-first heap   total 901120K, used 640000K [0x0000000700000000, 0x0000000800000000)
  region size 2048K, 169 young (346112K), 22 survivors (45056K)
 Metaspace       used 341236K, committed 342912K, reserved 1376256K
  class space    used 41778K, committed 42624K, reserved 1048576K
}
Event: 16340.336 GC heap after
{Heap after GC invocations=205 (full 0):
 garbage-first heap   total 901120K, used 388880K [0x0000000700000000, 0x0000000800000000)
  region size 2048K, 22 young (45056K), 22 survivors (45056K)
 Metaspace       used 341236K, committed 342912K, reserved 1376256K
  class space    used 41778K, committed 42624K, reserved 1048576K
}
Event: 16340.418 GC heap before
{Heap before GC invocations=205 (full 0):
 garbage-first heap   total 901120K, used 390928K [0x0000000700000000, 0x0000000800000000)
  region size 2048K, 23 young (47104K), 22 survivors (45056K)
 Metaspace       used 341238K, committed 342976K, reserved 1376256K
  class space    used 41778K, committed 42624K, reserved 1048576K
}
Event: 16340.506 GC heap after
{Heap after GC invocations=206 (full 0):
 garbage-first heap   total 901120K, used 367615K [0x0000000700000000, 0x0000000800000000)
  region size 2048K, 3 young (6144K), 3 survivors (6144K)
 Metaspace       used 341238K, committed 342976K, reserved 1376256K
  class space    used 41778K, committed 42624K, reserved 1048576K
}
Event: 16352.291 GC heap before
{Heap before GC invocations=206 (full 0):
 garbage-first heap   total 901120K, used 668671K [0x0000000700000000, 0x0000000800000000)
  region size 2048K, 150 young (307200K), 3 survivors (6144K)
 Metaspace       used 345966K, committed 347648K, reserved 1376256K
  class space    used 42119K, committed 42944K, reserved 1048576K
}
Event: 16352.315 GC heap after
{Heap after GC invocations=207 (full 0):
 garbage-first heap   total 901120K, used 382524K [0x0000000700000000, 0x0000000800000000)
  region size 2048K, 11 young (22528K), 11 survivors (22528K)
 Metaspace       used 345966K, committed 347648K, reserved 1376256K
  class space    used 42119K, committed 42944K, reserved 1048576K
}
Event: 17216.435 GC heap before
{Heap before GC invocations=208 (full 0):
 garbage-first heap   total 901120K, used 685628K [0x0000000700000000, 0x0000000800000000)
  region size 2048K, 159 young (325632K), 11 survivors (22528K)
 Metaspace       used 347841K, committed 349632K, reserved 1376256K
  class space    used 42300K, committed 43200K, reserved 1048576K
}
Event: 17216.577 GC heap after
{Heap after GC invocations=209 (full 0):
 garbage-first heap   total 901120K, used 407498K [0x0000000700000000, 0x0000000800000000)
  region size 2048K, 20 young (40960K), 20 survivors (40960K)
 Metaspace       used 347841K, committed 349632K, reserved 1376256K
  class space    used 42300K, committed 43200K, reserved 1048576K
}
Event: 17217.039 GC heap before
{Heap before GC invocations=209 (full 0):
 garbage-first heap   total 901120K, used 411594K [0x0000000700000000, 0x0000000800000000)
  region size 2048K, 22 young (45056K), 20 survivors (40960K)
 Metaspace       used 347866K, committed 349696K, reserved 1376256K
  class space    used 42308K, committed 43200K, reserved 1048576K
}
Event: 17217.230 GC heap after
{Heap after GC invocations=210 (full 0):
 garbage-first heap   total 901120K, used 403486K [0x0000000700000000, 0x0000000800000000)
  region size 2048K, 3 young (6144K), 3 survivors (6144K)
 Metaspace       used 347866K, committed 349696K, reserved 1376256K
  class space    used 42308K, committed 43200K, reserved 1048576K
}
Event: 17229.496 GC heap before
{Heap before GC invocations=210 (full 0):
 garbage-first heap   total 901120K, used 698398K [0x0000000700000000, 0x0000000800000000)
  region size 2048K, 148 young (303104K), 3 survivors (6144K)
 Metaspace       used 385528K, committed 387328K, reserved 1441792K
  class space    used 46860K, committed 47744K, reserved 1048576K
}

